[ 2013-12-04T10:14:25+08:00 ] 127.0.0.1 /register/admin.php/login/login
INFO: [ route_check ] --START--
INFO: Run CheckRoute Behavior [ RunTime:0.003092s ]
INFO: [ route_check ] --END-- [ RunTime:0.003506s ]
INFO: [ app_begin ] --START--
INFO: Run ReadHtmlCache Behavior [ RunTime:0.001925s ]
INFO: [ app_begin ] --END-- [ RunTime:0.002273s ]
INFO: [ view_template ] --START--
INFO: Run LocationTemplate Behavior [ RunTime:0.003581s ]
INFO: [ view_template ] --END-- [ RunTime:0.004145s ]
INFO: [ view_parse ] --START--
INFO: Run ParseTemplate Behavior [ RunTime:0.066450s ]
INFO: [ view_parse ] --END-- [ RunTime:0.066937s ]
INFO: [ view_filter ] --START--
INFO: Run ContentReplace Behavior [ RunTime:0.002004s ]
INFO: Run TokenBuild Behavior [ RunTime:0.001792s ]
INFO: Run WriteHtmlCache Behavior [ RunTime:0.001324s ]
INFO: Run ShowRuntime Behavior [ RunTime:0.002341s ]
INFO: [ view_filter ] --END-- [ RunTime:0.008386s ]
INFO: [ view_end ] --START--
INFO: Run ShowPageTrace Behavior [ RunTime:0.003115s ]
INFO: [ view_end ] --END-- [ RunTime:0.003470s ]

[ 2013-12-04T10:14:26+08:00 ] 127.0.0.1 /register/admin.php/Public/code
INFO: [ route_check ] --START--
INFO: Run CheckRoute Behavior [ RunTime:0.006113s ]
INFO: [ route_check ] --END-- [ RunTime:0.006538s ]
INFO: [ app_begin ] --START--
INFO: Run ReadHtmlCache Behavior [ RunTime:0.002276s ]
INFO: [ app_begin ] --END-- [ RunTime:0.002674s ]

[ 2013-12-04T10:14:39+08:00 ] 127.0.0.1 /register/admin.php/index/index
INFO: [ route_check ] --START--
INFO: Run CheckRoute Behavior [ RunTime:0.002700s ]
INFO: [ route_check ] --END-- [ RunTime:0.003099s ]
INFO: [ app_begin ] --START--
INFO: Run ReadHtmlCache Behavior [ RunTime:0.002187s ]
INFO: [ app_begin ] --END-- [ RunTime:0.002596s ]
SQL: SHOW COLUMNS FROM `tpl_admin` [ RunTime:0.009281s ]
SQL: SELECT * FROM `tpl_admin` WHERE ( `admin_id` = '1' ) LIMIT 1   [ RunTime:0.025941s ]
INFO: [ view_template ] --START--
INFO: Run LocationTemplate Behavior [ RunTime:0.004034s ]
INFO: [ view_template ] --END-- [ RunTime:0.004453s ]
INFO: [ view_parse ] --START--
INFO: Run ParseTemplate Behavior [ RunTime:0.046296s ]
INFO: [ view_parse ] --END-- [ RunTime:0.046692s ]
INFO: [ view_filter ] --START--
INFO: Run ContentReplace Behavior [ RunTime:0.002213s ]
INFO: Run TokenBuild Behavior [ RunTime:0.001834s ]
INFO: Run WriteHtmlCache Behavior [ RunTime:0.001352s ]
INFO: Run ShowRuntime Behavior [ RunTime:0.002383s ]
INFO: [ view_filter ] --END-- [ RunTime:0.008834s ]
INFO: [ view_end ] --START--
INFO: Run ShowPageTrace Behavior [ RunTime:0.003249s ]
INFO: [ view_end ] --END-- [ RunTime:0.003717s ]

[ 2013-12-04T10:14:39+08:00 ] 127.0.0.1 /register/admin.php/Index/top
INFO: [ route_check ] --START--
INFO: Run CheckRoute Behavior [ RunTime:0.004538s ]
INFO: [ route_check ] --END-- [ RunTime:0.005187s ]
INFO: [ app_begin ] --START--
INFO: Run ReadHtmlCache Behavior [ RunTime:0.002212s ]
INFO: [ app_begin ] --END-- [ RunTime:0.002724s ]
SQL: SHOW COLUMNS FROM `tpl_admin` [ RunTime:0.009640s ]
SQL: SELECT * FROM `tpl_admin` WHERE ( `admin_id` = '1' ) LIMIT 1   [ RunTime:0.000974s ]
SQL: SHOW COLUMNS FROM `tpl_admin` [ RunTime:0.008149s ]
SQL: SELECT `admin_name` FROM `tpl_admin` WHERE ( `admin_id` = 1 ) LIMIT 1   [ RunTime:0.000931s ]
INFO: [ view_template ] --START--
INFO: Run LocationTemplate Behavior [ RunTime:0.002065s ]
INFO: [ view_template ] --END-- [ RunTime:0.002474s ]
INFO: [ view_parse ] --START--
INFO: Run ParseTemplate Behavior [ RunTime:0.028084s ]
INFO: [ view_parse ] --END-- [ RunTime:0.028522s ]
INFO: [ view_filter ] --START--
INFO: Run ContentReplace Behavior [ RunTime:0.001587s ]
INFO: Run TokenBuild Behavior [ RunTime:0.001567s ]
INFO: Run WriteHtmlCache Behavior [ RunTime:0.001531s ]
INFO: Run ShowRuntime Behavior [ RunTime:0.002151s ]
INFO: [ view_filter ] --END-- [ RunTime:0.008189s ]
INFO: [ view_end ] --START--
INFO: Run ShowPageTrace Behavior [ RunTime:0.003905s ]
INFO: [ view_end ] --END-- [ RunTime:0.004471s ]

[ 2013-12-04T10:14:39+08:00 ] 127.0.0.1 /register/admin.php/Index/left
INFO: [ route_check ] --START--
INFO: Run CheckRoute Behavior [ RunTime:0.004423s ]
INFO: [ route_check ] --END-- [ RunTime:0.005113s ]
INFO: [ app_begin ] --START--
INFO: Run ReadHtmlCache Behavior [ RunTime:0.002062s ]
INFO: [ app_begin ] --END-- [ RunTime:0.002439s ]
SQL: SHOW COLUMNS FROM `tpl_admin` [ RunTime:0.009532s ]
SQL: SELECT * FROM `tpl_admin` WHERE ( `admin_id` = '1' ) LIMIT 1   [ RunTime:0.000946s ]
INFO: [ view_template ] --START--
INFO: Run LocationTemplate Behavior [ RunTime:0.002322s ]
INFO: [ view_template ] --END-- [ RunTime:0.002965s ]
INFO: [ view_parse ] --START--
INFO: Run ParseTemplate Behavior [ RunTime:0.049011s ]
INFO: [ view_parse ] --END-- [ RunTime:0.049690s ]
INFO: [ view_filter ] --START--
INFO: Run ContentReplace Behavior [ RunTime:0.001817s ]
INFO: Run TokenBuild Behavior [ RunTime:0.001508s ]
INFO: Run WriteHtmlCache Behavior [ RunTime:0.001524s ]
INFO: Run ShowRuntime Behavior [ RunTime:0.002285s ]
INFO: [ view_filter ] --END-- [ RunTime:0.008476s ]
INFO: [ view_end ] --START--
INFO: Run ShowPageTrace Behavior [ RunTime:0.003283s ]
INFO: [ view_end ] --END-- [ RunTime:0.003834s ]

[ 2013-12-04T10:14:40+08:00 ] 127.0.0.1 /register/admin.php/Member/index
INFO: [ route_check ] --START--
INFO: Run CheckRoute Behavior [ RunTime:0.002879s ]
INFO: [ route_check ] --END-- [ RunTime:0.003362s ]
INFO: [ app_begin ] --START--
INFO: Run ReadHtmlCache Behavior [ RunTime:0.002787s ]
INFO: [ app_begin ] --END-- [ RunTime:0.003258s ]
SQL: SHOW COLUMNS FROM `tpl_members` [ RunTime:0.012613s ]
SQL: SELECT `member_id`,`member_name`,`member_phone`,`member_time`,`member_college`,`member_remark` FROM `tpl_members`  [ RunTime:0.004884s ]
INFO: [ view_template ] --START--
INFO: Run LocationTemplate Behavior [ RunTime:0.004422s ]
INFO: [ view_template ] --END-- [ RunTime:0.005182s ]
INFO: [ view_parse ] --START--
INFO: Run ParseTemplate Behavior [ RunTime:0.141551s ]
INFO: [ view_parse ] --END-- [ RunTime:0.142153s ]
INFO: [ view_filter ] --START--
INFO: Run ContentReplace Behavior [ RunTime:0.005828s ]
INFO: Run TokenBuild Behavior [ RunTime:0.003437s ]
INFO: Run WriteHtmlCache Behavior [ RunTime:0.002126s ]
INFO: Run ShowRuntime Behavior [ RunTime:0.005103s ]
INFO: [ view_filter ] --END-- [ RunTime:0.018619s ]
INFO: [ view_end ] --START--
INFO: Run ShowPageTrace Behavior [ RunTime:0.002761s ]
INFO: [ view_end ] --END-- [ RunTime:0.003111s ]

