[ 2013-12-03T09:51:48+08:00 ] 127.0.0.1 /register/
INFO: [ app_begin ] --START--
INFO: Run ReadHtmlCache Behavior [ RunTime:0.002827s ]
INFO: [ app_begin ] --END-- [ RunTime:0.003247s ]
SQL: SHOW COLUMNS FROM `tpl_members` [ RunTime:0.045989s ]
SQL: SELECT COUNT(*) AS tp_count FROM `tpl_members` WHERE ( `member_college` = 1 ) AND ( `member_remark` = '填报成功！' ) LIMIT 1   [ RunTime:0.001382s ]
SQL: SELECT COUNT(*) AS tp_count FROM `tpl_members` WHERE ( `member_college` = 1 ) AND ( `member_remark` = '预备！' ) LIMIT 1   [ RunTime:0.001066s ]
SQL: SELECT COUNT(*) AS tp_count FROM `tpl_members` WHERE ( `member_college` = 2 ) AND ( `member_remark` = '填报成功！' ) LIMIT 1   [ RunTime:0.001109s ]
SQL: SELECT COUNT(*) AS tp_count FROM `tpl_members` WHERE ( `member_college` = 2 ) AND ( `member_remark` = '预备！' ) LIMIT 1   [ RunTime:0.001023s ]
INFO: [ view_template ] --START--
INFO: Run LocationTemplate Behavior [ RunTime:0.003233s ]
INFO: [ view_template ] --END-- [ RunTime:0.003655s ]
INFO: [ view_parse ] --START--
INFO: Run ParseTemplate Behavior [ RunTime:0.036994s ]
INFO: [ view_parse ] --END-- [ RunTime:0.037473s ]
INFO: [ view_filter ] --START--
INFO: Run ContentReplace Behavior [ RunTime:0.002096s ]
INFO: Run TokenBuild Behavior [ RunTime:0.002221s ]
INFO: Run WriteHtmlCache Behavior [ RunTime:0.001607s ]
INFO: Run ShowRuntime Behavior [ RunTime:0.002392s ]
INFO: [ view_filter ] --END-- [ RunTime:0.009416s ]
INFO: [ view_end ] --START--
INFO: Run ShowPageTrace Behavior [ RunTime:0.002855s ]
INFO: [ view_end ] --END-- [ RunTime:0.003216s ]

[ 2013-12-03T09:51:48+08:00 ] 127.0.0.1 /register/index.php/Public/code
INFO: [ route_check ] --START--
INFO: Run CheckRoute Behavior [ RunTime:0.004054s ]
INFO: [ route_check ] --END-- [ RunTime:0.004648s ]
INFO: [ app_begin ] --START--
INFO: Run ReadHtmlCache Behavior [ RunTime:0.002941s ]
INFO: [ app_begin ] --END-- [ RunTime:0.003468s ]

[ 2013-12-03T09:51:55+08:00 ] 127.0.0.1 /register/index.php/index/index.html
INFO: [ route_check ] --START--
INFO: Run CheckRoute Behavior [ RunTime:0.003909s ]
INFO: [ route_check ] --END-- [ RunTime:0.004505s ]
INFO: [ app_begin ] --START--
INFO: Run ReadHtmlCache Behavior [ RunTime:0.001983s ]
INFO: [ app_begin ] --END-- [ RunTime:0.002360s ]
SQL: SHOW COLUMNS FROM `tpl_members` [ RunTime:0.009398s ]
SQL: SELECT COUNT(*) AS tp_count FROM `tpl_members` WHERE ( `member_college` = 1 ) AND ( `member_remark` = '填报成功！' ) LIMIT 1   [ RunTime:0.001543s ]
SQL: SELECT COUNT(*) AS tp_count FROM `tpl_members` WHERE ( `member_college` = 1 ) AND ( `member_remark` = '预备！' ) LIMIT 1   [ RunTime:0.001246s ]
SQL: SELECT COUNT(*) AS tp_count FROM `tpl_members` WHERE ( `member_college` = 2 ) AND ( `member_remark` = '填报成功！' ) LIMIT 1   [ RunTime:0.001383s ]
SQL: SELECT COUNT(*) AS tp_count FROM `tpl_members` WHERE ( `member_college` = 2 ) AND ( `member_remark` = '预备！' ) LIMIT 1   [ RunTime:0.001283s ]
INFO: [ view_template ] --START--
INFO: Run LocationTemplate Behavior [ RunTime:0.001640s ]
INFO: [ view_template ] --END-- [ RunTime:0.002049s ]
INFO: [ view_parse ] --START--
INFO: Run ParseTemplate Behavior [ RunTime:0.037503s ]
INFO: [ view_parse ] --END-- [ RunTime:0.037982s ]
INFO: [ view_filter ] --START--
INFO: Run ContentReplace Behavior [ RunTime:0.001961s ]
INFO: Run TokenBuild Behavior [ RunTime:0.002406s ]
INFO: Run WriteHtmlCache Behavior [ RunTime:0.001409s ]
INFO: Run ShowRuntime Behavior [ RunTime:0.002455s ]
INFO: [ view_filter ] --END-- [ RunTime:0.009329s ]
INFO: [ view_end ] --START--
INFO: Run ShowPageTrace Behavior [ RunTime:0.003176s ]
INFO: [ view_end ] --END-- [ RunTime:0.003655s ]

[ 2013-12-03T09:51:55+08:00 ] 127.0.0.1 /register/index.php/Public/code
INFO: [ route_check ] --START--
INFO: Run CheckRoute Behavior [ RunTime:0.006492s ]
INFO: [ route_check ] --END-- [ RunTime:0.007346s ]
INFO: [ app_begin ] --START--
INFO: Run ReadHtmlCache Behavior [ RunTime:0.003599s ]
INFO: [ app_begin ] --END-- [ RunTime:0.004532s ]

[ 2013-12-03T09:52:01+08:00 ] 127.0.0.1 /register/index.php/index/index.html
INFO: [ route_check ] --START--
INFO: Run CheckRoute Behavior [ RunTime:0.003065s ]
INFO: [ route_check ] --END-- [ RunTime:0.003539s ]
INFO: [ app_begin ] --START--
INFO: Run ReadHtmlCache Behavior [ RunTime:0.002137s ]
INFO: [ app_begin ] --END-- [ RunTime:0.002667s ]
SQL: SHOW COLUMNS FROM `tpl_members` [ RunTime:0.008499s ]
SQL: SELECT COUNT(*) AS tp_count FROM `tpl_members` WHERE ( `member_college` = 1 ) AND ( `member_remark` = '填报成功！' ) LIMIT 1   [ RunTime:0.001634s ]
SQL: SELECT COUNT(*) AS tp_count FROM `tpl_members` WHERE ( `member_college` = 1 ) AND ( `member_remark` = '预备！' ) LIMIT 1   [ RunTime:0.001095s ]
SQL: SELECT COUNT(*) AS tp_count FROM `tpl_members` WHERE ( `member_college` = 2 ) AND ( `member_remark` = '填报成功！' ) LIMIT 1   [ RunTime:0.001204s ]
SQL: SELECT COUNT(*) AS tp_count FROM `tpl_members` WHERE ( `member_college` = 2 ) AND ( `member_remark` = '预备！' ) LIMIT 1   [ RunTime:0.001122s ]
INFO: [ view_template ] --START--
INFO: Run LocationTemplate Behavior [ RunTime:0.001702s ]
INFO: [ view_template ] --END-- [ RunTime:0.002086s ]
INFO: [ view_parse ] --START--
INFO: Run ParseTemplate Behavior [ RunTime:0.032764s ]
INFO: [ view_parse ] --END-- [ RunTime:0.033247s ]
INFO: [ view_filter ] --START--
INFO: Run ContentReplace Behavior [ RunTime:0.002121s ]
INFO: Run TokenBuild Behavior [ RunTime:0.003085s ]
INFO: Run WriteHtmlCache Behavior [ RunTime:0.001526s ]
INFO: Run ShowRuntime Behavior [ RunTime:0.002412s ]
INFO: [ view_filter ] --END-- [ RunTime:0.010533s ]
INFO: [ view_end ] --START--
INFO: Run ShowPageTrace Behavior [ RunTime:0.002582s ]
INFO: [ view_end ] --END-- [ RunTime:0.002965s ]

[ 2013-12-03T09:52:01+08:00 ] 127.0.0.1 /register/index.php/Public/code
INFO: [ route_check ] --START--
INFO: Run CheckRoute Behavior [ RunTime:0.003483s ]
INFO: [ route_check ] --END-- [ RunTime:0.004027s ]
INFO: [ app_begin ] --START--
INFO: Run ReadHtmlCache Behavior [ RunTime:0.002008s ]
INFO: [ app_begin ] --END-- [ RunTime:0.002397s ]

[ 2013-12-03T09:52:08+08:00 ] 127.0.0.1 /register/index.php/index/index.html
INFO: [ route_check ] --START--
INFO: Run CheckRoute Behavior [ RunTime:0.003260s ]
INFO: [ route_check ] --END-- [ RunTime:0.003705s ]
INFO: [ app_begin ] --START--
INFO: Run ReadHtmlCache Behavior [ RunTime:0.002189s ]
INFO: [ app_begin ] --END-- [ RunTime:0.002660s ]
SQL: SHOW COLUMNS FROM `tpl_members` [ RunTime:0.010520s ]
SQL: SELECT COUNT(*) AS tp_count FROM `tpl_members` WHERE ( `member_college` = 1 ) AND ( `member_remark` = '填报成功！' ) LIMIT 1   [ RunTime:0.001322s ]
SQL: SELECT COUNT(*) AS tp_count FROM `tpl_members` WHERE ( `member_college` = 1 ) AND ( `member_remark` = '预备！' ) LIMIT 1   [ RunTime:0.001080s ]
SQL: SELECT COUNT(*) AS tp_count FROM `tpl_members` WHERE ( `member_college` = 2 ) AND ( `member_remark` = '填报成功！' ) LIMIT 1   [ RunTime:0.001744s ]
SQL: SELECT COUNT(*) AS tp_count FROM `tpl_members` WHERE ( `member_college` = 2 ) AND ( `member_remark` = '预备！' ) LIMIT 1   [ RunTime:0.001254s ]
INFO: [ view_template ] --START--
INFO: Run LocationTemplate Behavior [ RunTime:0.001673s ]
INFO: [ view_template ] --END-- [ RunTime:0.002148s ]
INFO: [ view_parse ] --START--
INFO: Run ParseTemplate Behavior [ RunTime:0.035240s ]
INFO: [ view_parse ] --END-- [ RunTime:0.035762s ]
INFO: [ view_filter ] --START--
INFO: Run ContentReplace Behavior [ RunTime:0.002293s ]
INFO: Run TokenBuild Behavior [ RunTime:0.002066s ]
INFO: Run WriteHtmlCache Behavior [ RunTime:0.001520s ]
INFO: Run ShowRuntime Behavior [ RunTime:0.002514s ]
INFO: [ view_filter ] --END-- [ RunTime:0.009578s ]
INFO: [ view_end ] --START--
INFO: Run ShowPageTrace Behavior [ RunTime:0.002609s ]
INFO: [ view_end ] --END-- [ RunTime:0.003015s ]

[ 2013-12-03T09:52:08+08:00 ] 127.0.0.1 /register/index.php/Public/code
INFO: [ route_check ] --START--
INFO: Run CheckRoute Behavior [ RunTime:0.003770s ]
INFO: [ route_check ] --END-- [ RunTime:0.004273s ]
INFO: [ app_begin ] --START--
INFO: Run ReadHtmlCache Behavior [ RunTime:0.002014s ]
INFO: [ app_begin ] --END-- [ RunTime:0.002572s ]

[ 2013-12-03T09:52:15+08:00 ] 127.0.0.1 /register/index.php/index/index.html
INFO: [ route_check ] --START--
INFO: Run CheckRoute Behavior [ RunTime:0.003582s ]
INFO: [ route_check ] --END-- [ RunTime:0.004019s ]
INFO: [ app_begin ] --START--
INFO: Run ReadHtmlCache Behavior [ RunTime:0.002253s ]
INFO: [ app_begin ] --END-- [ RunTime:0.002846s ]
SQL: SHOW COLUMNS FROM `tpl_members` [ RunTime:0.009301s ]
SQL: SELECT COUNT(*) AS tp_count FROM `tpl_members` WHERE ( `member_college` = 1 ) AND ( `member_remark` = '填报成功！' ) LIMIT 1   [ RunTime:0.001275s ]
SQL: SELECT COUNT(*) AS tp_count FROM `tpl_members` WHERE ( `member_college` = 1 ) AND ( `member_remark` = '预备！' ) LIMIT 1   [ RunTime:0.001078s ]
SQL: SELECT COUNT(*) AS tp_count FROM `tpl_members` WHERE ( `member_college` = 2 ) AND ( `member_remark` = '填报成功！' ) LIMIT 1   [ RunTime:0.001142s ]
SQL: SELECT COUNT(*) AS tp_count FROM `tpl_members` WHERE ( `member_college` = 2 ) AND ( `member_remark` = '预备！' ) LIMIT 1   [ RunTime:0.001212s ]
INFO: [ view_template ] --START--
INFO: Run LocationTemplate Behavior [ RunTime:0.001670s ]
INFO: [ view_template ] --END-- [ RunTime:0.002057s ]
INFO: [ view_parse ] --START--
INFO: Run ParseTemplate Behavior [ RunTime:0.031388s ]
INFO: [ view_parse ] --END-- [ RunTime:0.031828s ]
INFO: [ view_filter ] --START--
INFO: Run ContentReplace Behavior [ RunTime:0.001886s ]
INFO: Run TokenBuild Behavior [ RunTime:0.002033s ]
INFO: Run WriteHtmlCache Behavior [ RunTime:0.001369s ]
INFO: Run ShowRuntime Behavior [ RunTime:0.002367s ]
INFO: [ view_filter ] --END-- [ RunTime:0.008713s ]
INFO: [ view_end ] --START--
INFO: Run ShowPageTrace Behavior [ RunTime:0.002473s ]
INFO: [ view_end ] --END-- [ RunTime:0.002871s ]

[ 2013-12-03T09:52:15+08:00 ] 127.0.0.1 /register/index.php/Public/code
INFO: [ route_check ] --START--
INFO: Run CheckRoute Behavior [ RunTime:0.003485s ]
INFO: [ route_check ] --END-- [ RunTime:0.004005s ]
INFO: [ app_begin ] --START--
INFO: Run ReadHtmlCache Behavior [ RunTime:0.002079s ]
INFO: [ app_begin ] --END-- [ RunTime:0.002531s ]

[ 2013-12-03T09:52:26+08:00 ] 127.0.0.1 /register/index.php/index/index.html
INFO: [ route_check ] --START--
INFO: Run CheckRoute Behavior [ RunTime:0.003753s ]
INFO: [ route_check ] --END-- [ RunTime:0.004212s ]
INFO: [ app_begin ] --START--
INFO: Run ReadHtmlCache Behavior [ RunTime:0.002154s ]
INFO: [ app_begin ] --END-- [ RunTime:0.002644s ]
SQL: SHOW COLUMNS FROM `tpl_members` [ RunTime:0.009772s ]
SQL: SELECT COUNT(*) AS tp_count FROM `tpl_members` WHERE ( `member_college` = 1 ) AND ( `member_remark` = '填报成功！' ) LIMIT 1   [ RunTime:0.001769s ]
SQL: SELECT COUNT(*) AS tp_count FROM `tpl_members` WHERE ( `member_college` = 1 ) AND ( `member_remark` = '预备！' ) LIMIT 1   [ RunTime:0.001179s ]
SQL: SELECT COUNT(*) AS tp_count FROM `tpl_members` WHERE ( `member_college` = 2 ) AND ( `member_remark` = '填报成功！' ) LIMIT 1   [ RunTime:0.001088s ]
SQL: SELECT COUNT(*) AS tp_count FROM `tpl_members` WHERE ( `member_college` = 2 ) AND ( `member_remark` = '预备！' ) LIMIT 1   [ RunTime:0.001254s ]
INFO: [ view_template ] --START--
INFO: Run LocationTemplate Behavior [ RunTime:0.001825s ]
INFO: [ view_template ] --END-- [ RunTime:0.002243s ]
INFO: [ view_parse ] --START--
INFO: Run ParseTemplate Behavior [ RunTime:0.034054s ]
INFO: [ view_parse ] --END-- [ RunTime:0.034572s ]
INFO: [ view_filter ] --START--
INFO: Run ContentReplace Behavior [ RunTime:0.001953s ]
INFO: Run TokenBuild Behavior [ RunTime:0.002090s ]
INFO: Run WriteHtmlCache Behavior [ RunTime:0.001380s ]
INFO: Run ShowRuntime Behavior [ RunTime:0.002391s ]
INFO: [ view_filter ] --END-- [ RunTime:0.008962s ]
INFO: [ view_end ] --START--
INFO: Run ShowPageTrace Behavior [ RunTime:0.002776s ]
INFO: [ view_end ] --END-- [ RunTime:0.003155s ]

[ 2013-12-03T09:52:26+08:00 ] 127.0.0.1 /register/index.php/Public/code
INFO: [ route_check ] --START--
INFO: Run CheckRoute Behavior [ RunTime:0.004602s ]
INFO: [ route_check ] --END-- [ RunTime:0.005336s ]
INFO: [ app_begin ] --START--
INFO: Run ReadHtmlCache Behavior [ RunTime:0.002210s ]
INFO: [ app_begin ] --END-- [ RunTime:0.002668s ]

[ 2013-12-03T09:52:38+08:00 ] 127.0.0.1 /register/index.php/index/index.html
INFO: [ route_check ] --START--
INFO: Run CheckRoute Behavior [ RunTime:0.002734s ]
INFO: [ route_check ] --END-- [ RunTime:0.003147s ]
INFO: [ app_begin ] --START--
INFO: Run ReadHtmlCache Behavior [ RunTime:0.002718s ]
INFO: [ app_begin ] --END-- [ RunTime:0.003094s ]
SQL: SHOW COLUMNS FROM `tpl_members` [ RunTime:0.010222s ]
SQL: SELECT COUNT(*) AS tp_count FROM `tpl_members` WHERE ( `member_college` = 1 ) AND ( `member_remark` = '填报成功！' ) LIMIT 1   [ RunTime:0.001253s ]
SQL: SELECT COUNT(*) AS tp_count FROM `tpl_members` WHERE ( `member_college` = 1 ) AND ( `member_remark` = '预备！' ) LIMIT 1   [ RunTime:0.001057s ]
SQL: SELECT COUNT(*) AS tp_count FROM `tpl_members` WHERE ( `member_college` = 2 ) AND ( `member_remark` = '填报成功！' ) LIMIT 1   [ RunTime:0.001103s ]
SQL: SELECT COUNT(*) AS tp_count FROM `tpl_members` WHERE ( `member_college` = 2 ) AND ( `member_remark` = '预备！' ) LIMIT 1   [ RunTime:0.001071s ]
INFO: [ view_template ] --START--
INFO: Run LocationTemplate Behavior [ RunTime:0.002806s ]
INFO: [ view_template ] --END-- [ RunTime:0.003218s ]
INFO: [ view_parse ] --START--
INFO: Run ParseTemplate Behavior [ RunTime:0.033658s ]
INFO: [ view_parse ] --END-- [ RunTime:0.034110s ]
INFO: [ view_filter ] --START--
INFO: Run ContentReplace Behavior [ RunTime:0.001324s ]
INFO: Run TokenBuild Behavior [ RunTime:0.001424s ]
INFO: Run WriteHtmlCache Behavior [ RunTime:0.000914s ]
INFO: Run ShowRuntime Behavior [ RunTime:0.001760s ]
INFO: [ view_filter ] --END-- [ RunTime:0.006364s ]
INFO: [ view_end ] --START--
INFO: Run ShowPageTrace Behavior [ RunTime:0.001996s ]
INFO: [ view_end ] --END-- [ RunTime:0.002333s ]

[ 2013-12-03T09:52:38+08:00 ] 127.0.0.1 /register/index.php/Public/code
INFO: [ route_check ] --START--
INFO: Run CheckRoute Behavior [ RunTime:0.003812s ]
INFO: [ route_check ] --END-- [ RunTime:0.004442s ]
INFO: [ app_begin ] --START--
INFO: Run ReadHtmlCache Behavior [ RunTime:0.002228s ]
INFO: [ app_begin ] --END-- [ RunTime:0.002636s ]

[ 2013-12-03T09:52:51+08:00 ] 127.0.0.1 /register/index.php/index/index.html
INFO: [ route_check ] --START--
INFO: Run CheckRoute Behavior [ RunTime:0.003067s ]
INFO: [ route_check ] --END-- [ RunTime:0.003607s ]
INFO: [ app_begin ] --START--
INFO: Run ReadHtmlCache Behavior [ RunTime:0.003026s ]
INFO: [ app_begin ] --END-- [ RunTime:0.003482s ]
SQL: SHOW COLUMNS FROM `tpl_members` [ RunTime:0.010734s ]
SQL: SELECT COUNT(*) AS tp_count FROM `tpl_members` WHERE ( `member_college` = 1 ) AND ( `member_remark` = '填报成功！' ) LIMIT 1   [ RunTime:0.001582s ]
SQL: SELECT COUNT(*) AS tp_count FROM `tpl_members` WHERE ( `member_college` = 1 ) AND ( `member_remark` = '预备！' ) LIMIT 1   [ RunTime:0.001103s ]
SQL: SELECT COUNT(*) AS tp_count FROM `tpl_members` WHERE ( `member_college` = 2 ) AND ( `member_remark` = '填报成功！' ) LIMIT 1   [ RunTime:0.001079s ]
SQL: SELECT COUNT(*) AS tp_count FROM `tpl_members` WHERE ( `member_college` = 2 ) AND ( `member_remark` = '预备！' ) LIMIT 1   [ RunTime:0.001412s ]
INFO: [ view_template ] --START--
INFO: Run LocationTemplate Behavior [ RunTime:0.001642s ]
INFO: [ view_template ] --END-- [ RunTime:0.002017s ]
INFO: [ view_parse ] --START--
INFO: Run ParseTemplate Behavior [ RunTime:0.032032s ]
INFO: [ view_parse ] --END-- [ RunTime:0.032419s ]
INFO: [ view_filter ] --START--
INFO: Run ContentReplace Behavior [ RunTime:0.001308s ]
INFO: Run TokenBuild Behavior [ RunTime:0.001479s ]
INFO: Run WriteHtmlCache Behavior [ RunTime:0.000970s ]
INFO: Run ShowRuntime Behavior [ RunTime:0.001742s ]
INFO: [ view_filter ] --END-- [ RunTime:0.006410s ]
INFO: [ view_end ] --START--
INFO: Run ShowPageTrace Behavior [ RunTime:0.002177s ]
INFO: [ view_end ] --END-- [ RunTime:0.002611s ]

[ 2013-12-03T09:52:51+08:00 ] 127.0.0.1 /register/index.php/Public/code
INFO: [ route_check ] --START--
INFO: Run CheckRoute Behavior [ RunTime:0.003319s ]
INFO: [ route_check ] --END-- [ RunTime:0.003843s ]
INFO: [ app_begin ] --START--
INFO: Run ReadHtmlCache Behavior [ RunTime:0.002185s ]
INFO: [ app_begin ] --END-- [ RunTime:0.002718s ]

[ 2013-12-03T09:53:05+08:00 ] 127.0.0.1 /register/index.php/index/index.html
INFO: [ route_check ] --START--
INFO: Run CheckRoute Behavior [ RunTime:0.003394s ]
INFO: [ route_check ] --END-- [ RunTime:0.003841s ]
INFO: [ app_begin ] --START--
INFO: Run ReadHtmlCache Behavior [ RunTime:0.001997s ]
INFO: [ app_begin ] --END-- [ RunTime:0.002375s ]
SQL: SHOW COLUMNS FROM `tpl_members` [ RunTime:0.009694s ]
SQL: SELECT COUNT(*) AS tp_count FROM `tpl_members` WHERE ( `member_college` = 1 ) AND ( `member_remark` = '填报成功！' ) LIMIT 1   [ RunTime:0.001231s ]
SQL: SELECT COUNT(*) AS tp_count FROM `tpl_members` WHERE ( `member_college` = 1 ) AND ( `member_remark` = '预备！' ) LIMIT 1   [ RunTime:0.001081s ]
SQL: SELECT COUNT(*) AS tp_count FROM `tpl_members` WHERE ( `member_college` = 2 ) AND ( `member_remark` = '填报成功！' ) LIMIT 1   [ RunTime:0.001101s ]
SQL: SELECT COUNT(*) AS tp_count FROM `tpl_members` WHERE ( `member_college` = 2 ) AND ( `member_remark` = '预备！' ) LIMIT 1   [ RunTime:0.001129s ]
INFO: [ view_template ] --START--
INFO: Run LocationTemplate Behavior [ RunTime:0.001657s ]
INFO: [ view_template ] --END-- [ RunTime:0.002069s ]
INFO: [ view_parse ] --START--
INFO: Run ParseTemplate Behavior [ RunTime:0.031061s ]
INFO: [ view_parse ] --END-- [ RunTime:0.031490s ]
INFO: [ view_filter ] --START--
INFO: Run ContentReplace Behavior [ RunTime:0.001871s ]
INFO: Run TokenBuild Behavior [ RunTime:0.002045s ]
INFO: Run WriteHtmlCache Behavior [ RunTime:0.001504s ]
INFO: Run ShowRuntime Behavior [ RunTime:0.002633s ]
INFO: [ view_filter ] --END-- [ RunTime:0.009266s ]
INFO: [ view_end ] --START--
INFO: Run ShowPageTrace Behavior [ RunTime:0.002490s ]
INFO: [ view_end ] --END-- [ RunTime:0.002862s ]

[ 2013-12-03T09:53:06+08:00 ] 127.0.0.1 /register/index.php/Public/code
INFO: [ route_check ] --START--
INFO: Run CheckRoute Behavior [ RunTime:0.003106s ]
INFO: [ route_check ] --END-- [ RunTime:0.003540s ]
INFO: [ app_begin ] --START--
INFO: Run ReadHtmlCache Behavior [ RunTime:0.001850s ]
INFO: [ app_begin ] --END-- [ RunTime:0.002222s ]

[ 2013-12-03T09:57:25+08:00 ] 127.0.0.1 /register/index.php/index/index.html
INFO: [ route_check ] --START--
INFO: Run CheckRoute Behavior [ RunTime:0.003260s ]
INFO: [ route_check ] --END-- [ RunTime:0.003707s ]
INFO: [ app_begin ] --START--
INFO: Run ReadHtmlCache Behavior [ RunTime:0.002045s ]
INFO: [ app_begin ] --END-- [ RunTime:0.002466s ]
SQL: SHOW COLUMNS FROM `tpl_members` [ RunTime:0.009316s ]
SQL: SELECT COUNT(*) AS tp_count FROM `tpl_members` WHERE ( `member_college` = 1 ) AND ( `member_remark` = '填报成功！' ) LIMIT 1   [ RunTime:0.001277s ]
SQL: SELECT COUNT(*) AS tp_count FROM `tpl_members` WHERE ( `member_college` = 1 ) AND ( `member_remark` = '预备！' ) LIMIT 1   [ RunTime:0.001096s ]
SQL: SELECT COUNT(*) AS tp_count FROM `tpl_members` WHERE ( `member_college` = 2 ) AND ( `member_remark` = '填报成功！' ) LIMIT 1   [ RunTime:0.001325s ]
SQL: SELECT COUNT(*) AS tp_count FROM `tpl_members` WHERE ( `member_college` = 2 ) AND ( `member_remark` = '预备！' ) LIMIT 1   [ RunTime:0.001257s ]
INFO: [ view_template ] --START--
INFO: Run LocationTemplate Behavior [ RunTime:0.002647s ]
INFO: [ view_template ] --END-- [ RunTime:0.003052s ]
INFO: [ view_parse ] --START--
INFO: Run ParseTemplate Behavior [ RunTime:0.034381s ]
INFO: [ view_parse ] --END-- [ RunTime:0.034829s ]
INFO: [ view_filter ] --START--
INFO: Run ContentReplace Behavior [ RunTime:0.001512s ]
INFO: Run TokenBuild Behavior [ RunTime:0.001557s ]
INFO: Run WriteHtmlCache Behavior [ RunTime:0.001185s ]
INFO: Run ShowRuntime Behavior [ RunTime:0.002264s ]
INFO: [ view_filter ] --END-- [ RunTime:0.007655s ]
INFO: [ view_end ] --START--
INFO: Run ShowPageTrace Behavior [ RunTime:0.002557s ]
INFO: [ view_end ] --END-- [ RunTime:0.002929s ]

[ 2013-12-03T09:57:26+08:00 ] 127.0.0.1 /register/index.php/Public/code
INFO: [ route_check ] --START--
INFO: Run CheckRoute Behavior [ RunTime:0.004125s ]
INFO: [ route_check ] --END-- [ RunTime:0.004822s ]
INFO: [ app_begin ] --START--
INFO: Run ReadHtmlCache Behavior [ RunTime:0.002110s ]
INFO: [ app_begin ] --END-- [ RunTime:0.002566s ]

[ 2013-12-03T22:04:08+08:00 ] 127.0.0.1 /register/
INFO: [ app_begin ] --START--
INFO: Run ReadHtmlCache Behavior [ RunTime:0.004659s ]
INFO: [ app_begin ] --END-- [ RunTime:0.005169s ]
SQL: SHOW COLUMNS FROM `tpl_members` [ RunTime:0.009740s ]
SQL: SELECT COUNT(*) AS tp_count FROM `tpl_members` WHERE ( `member_college` = 1 ) AND ( `member_remark` = '填报成功！' ) LIMIT 1   [ RunTime:0.043312s ]
SQL: SELECT COUNT(*) AS tp_count FROM `tpl_members` WHERE ( `member_college` = 1 ) AND ( `member_remark` = '预备！' ) LIMIT 1   [ RunTime:0.001173s ]
SQL: SELECT COUNT(*) AS tp_count FROM `tpl_members` WHERE ( `member_college` = 2 ) AND ( `member_remark` = '填报成功！' ) LIMIT 1   [ RunTime:0.001120s ]
SQL: SELECT COUNT(*) AS tp_count FROM `tpl_members` WHERE ( `member_college` = 2 ) AND ( `member_remark` = '预备！' ) LIMIT 1   [ RunTime:0.001132s ]
INFO: [ view_template ] --START--
INFO: Run LocationTemplate Behavior [ RunTime:0.005022s ]
INFO: [ view_template ] --END-- [ RunTime:0.005428s ]
INFO: [ view_parse ] --START--
INFO: Run ParseTemplate Behavior [ RunTime:0.082427s ]
INFO: [ view_parse ] --END-- [ RunTime:0.082883s ]
INFO: [ view_filter ] --START--
INFO: Run ContentReplace Behavior [ RunTime:0.003251s ]
INFO: Run TokenBuild Behavior [ RunTime:0.003069s ]
INFO: Run WriteHtmlCache Behavior [ RunTime:0.002730s ]
INFO: Run ShowRuntime Behavior [ RunTime:0.003897s ]
INFO: [ view_filter ] --END-- [ RunTime:0.014471s ]
INFO: [ view_end ] --START--
INFO: Run ShowPageTrace Behavior [ RunTime:0.003694s ]
INFO: [ view_end ] --END-- [ RunTime:0.004169s ]

[ 2013-12-03T22:04:09+08:00 ] 127.0.0.1 /register/index.php/Public/code
INFO: [ route_check ] --START--
INFO: Run CheckRoute Behavior [ RunTime:0.007852s ]
INFO: [ route_check ] --END-- [ RunTime:0.010785s ]
INFO: [ app_begin ] --START--
INFO: Run ReadHtmlCache Behavior [ RunTime:0.007747s ]
INFO: [ app_begin ] --END-- [ RunTime:0.008452s ]

[ 2013-12-03T22:06:29+08:00 ] 127.0.0.1 /register/
INFO: [ app_begin ] --START--
INFO: Run ReadHtmlCache Behavior [ RunTime:0.010367s ]
INFO: [ app_begin ] --END-- [ RunTime:0.014805s ]
SQL: SHOW COLUMNS FROM `tpl_members` [ RunTime:0.009391s ]
SQL: SELECT COUNT(*) AS tp_count FROM `tpl_members` WHERE ( `member_college` = 1 ) AND ( `member_remark` = '填报成功！' ) LIMIT 1   [ RunTime:0.001207s ]
SQL: SELECT COUNT(*) AS tp_count FROM `tpl_members` WHERE ( `member_college` = 1 ) AND ( `member_remark` = '预备！' ) LIMIT 1   [ RunTime:0.000960s ]
SQL: SELECT COUNT(*) AS tp_count FROM `tpl_members` WHERE ( `member_college` = 2 ) AND ( `member_remark` = '填报成功！' ) LIMIT 1   [ RunTime:0.001237s ]
SQL: SELECT COUNT(*) AS tp_count FROM `tpl_members` WHERE ( `member_college` = 2 ) AND ( `member_remark` = '预备！' ) LIMIT 1   [ RunTime:0.001343s ]
INFO: [ view_template ] --START--
INFO: Run LocationTemplate Behavior [ RunTime:0.004113s ]
INFO: [ view_template ] --END-- [ RunTime:0.004572s ]
INFO: [ view_parse ] --START--
INFO: Run ParseTemplate Behavior [ RunTime:0.037205s ]
INFO: [ view_parse ] --END-- [ RunTime:0.037746s ]
INFO: [ view_filter ] --START--
INFO: Run ContentReplace Behavior [ RunTime:0.002931s ]
INFO: Run TokenBuild Behavior [ RunTime:0.002154s ]
INFO: Run WriteHtmlCache Behavior [ RunTime:0.001522s ]
INFO: Run ShowRuntime Behavior [ RunTime:0.002630s ]
INFO: [ view_filter ] --END-- [ RunTime:0.010584s ]
INFO: [ view_end ] --START--
INFO: Run ShowPageTrace Behavior [ RunTime:0.003197s ]
INFO: [ view_end ] --END-- [ RunTime:0.003671s ]

[ 2013-12-03T22:06:29+08:00 ] 127.0.0.1 /register/index.php/Public/code
INFO: [ route_check ] --START--
INFO: Run CheckRoute Behavior [ RunTime:0.006515s ]
INFO: [ route_check ] --END-- [ RunTime:0.007372s ]
INFO: [ app_begin ] --START--
INFO: Run ReadHtmlCache Behavior [ RunTime:0.004665s ]
INFO: [ app_begin ] --END-- [ RunTime:0.005396s ]

[ 2013-12-03T22:08:46+08:00 ] 127.0.0.1 /register/
INFO: [ app_begin ] --START--
INFO: Run ReadHtmlCache Behavior [ RunTime:0.006265s ]
INFO: [ app_begin ] --END-- [ RunTime:0.006894s ]
SQL: SHOW COLUMNS FROM `tpl_members` [ RunTime:0.009305s ]
SQL: SELECT COUNT(*) AS tp_count FROM `tpl_members` WHERE ( `member_college` = 1 ) AND ( `member_remark` = '填报成功！' ) LIMIT 1   [ RunTime:0.001334s ]
SQL: SELECT COUNT(*) AS tp_count FROM `tpl_members` WHERE ( `member_college` = 1 ) AND ( `member_remark` = '预备！' ) LIMIT 1   [ RunTime:0.001155s ]
SQL: SELECT COUNT(*) AS tp_count FROM `tpl_members` WHERE ( `member_college` = 2 ) AND ( `member_remark` = '填报成功！' ) LIMIT 1   [ RunTime:0.001065s ]
SQL: SELECT COUNT(*) AS tp_count FROM `tpl_members` WHERE ( `member_college` = 2 ) AND ( `member_remark` = '预备！' ) LIMIT 1   [ RunTime:0.001133s ]
INFO: [ view_template ] --START--
INFO: Run LocationTemplate Behavior [ RunTime:0.004267s ]
INFO: [ view_template ] --END-- [ RunTime:0.004742s ]
INFO: [ view_parse ] --START--
INFO: Run ParseTemplate Behavior [ RunTime:0.076084s ]
INFO: [ view_parse ] --END-- [ RunTime:0.076734s ]
INFO: [ view_filter ] --START--
INFO: Run ContentReplace Behavior [ RunTime:0.002550s ]
INFO: Run TokenBuild Behavior [ RunTime:0.003102s ]
INFO: Run WriteHtmlCache Behavior [ RunTime:0.001887s ]
INFO: Run ShowRuntime Behavior [ RunTime:0.002503s ]
INFO: [ view_filter ] --END-- [ RunTime:0.011467s ]
INFO: [ view_end ] --START--
INFO: Run ShowPageTrace Behavior [ RunTime:0.002731s ]
INFO: [ view_end ] --END-- [ RunTime:0.003115s ]

[ 2013-12-03T22:08:46+08:00 ] 127.0.0.1 /register/index.php/Public/code
INFO: [ route_check ] --START--
INFO: Run CheckRoute Behavior [ RunTime:0.007392s ]
INFO: [ route_check ] --END-- [ RunTime:0.008137s ]
INFO: [ app_begin ] --START--
INFO: Run ReadHtmlCache Behavior [ RunTime:0.002715s ]
INFO: [ app_begin ] --END-- [ RunTime:0.003216s ]

[ 2013-12-03T22:21:44+08:00 ] 127.0.0.1 /register/
INFO: [ app_begin ] --START--
INFO: Run ReadHtmlCache Behavior [ RunTime:0.003173s ]
INFO: [ app_begin ] --END-- [ RunTime:0.003628s ]
SQL: SHOW COLUMNS FROM `tpl_members` [ RunTime:0.008935s ]
SQL: SELECT COUNT(*) AS tp_count FROM `tpl_members` WHERE ( `member_college` = 1 ) AND ( `member_remark` = '填报成功！' ) LIMIT 1   [ RunTime:0.001374s ]
SQL: SELECT COUNT(*) AS tp_count FROM `tpl_members` WHERE ( `member_college` = 1 ) AND ( `member_remark` = '预备！' ) LIMIT 1   [ RunTime:0.001460s ]
SQL: SELECT COUNT(*) AS tp_count FROM `tpl_members` WHERE ( `member_college` = 2 ) AND ( `member_remark` = '填报成功！' ) LIMIT 1   [ RunTime:0.001238s ]
SQL: SELECT COUNT(*) AS tp_count FROM `tpl_members` WHERE ( `member_college` = 2 ) AND ( `member_remark` = '预备！' ) LIMIT 1   [ RunTime:0.001317s ]
INFO: [ view_template ] --START--
INFO: Run LocationTemplate Behavior [ RunTime:0.003705s ]
INFO: [ view_template ] --END-- [ RunTime:0.004111s ]
INFO: [ view_parse ] --START--
INFO: Run ParseTemplate Behavior [ RunTime:0.042089s ]
INFO: [ view_parse ] --END-- [ RunTime:0.042581s ]
INFO: [ view_filter ] --START--
INFO: Run ContentReplace Behavior [ RunTime:0.002344s ]
INFO: Run TokenBuild Behavior [ RunTime:0.002605s ]
INFO: Run WriteHtmlCache Behavior [ RunTime:0.002753s ]
INFO: Run ShowRuntime Behavior [ RunTime:0.004521s ]
INFO: [ view_filter ] --END-- [ RunTime:0.013710s ]
INFO: [ view_end ] --START--
INFO: Run ShowPageTrace Behavior [ RunTime:0.004142s ]
INFO: [ view_end ] --END-- [ RunTime:0.004747s ]

[ 2013-12-03T22:21:45+08:00 ] 127.0.0.1 /register/index.php/Public/code
INFO: [ route_check ] --START--
INFO: Run CheckRoute Behavior [ RunTime:0.005749s ]
INFO: [ route_check ] --END-- [ RunTime:0.006445s ]
INFO: [ app_begin ] --START--
INFO: Run ReadHtmlCache Behavior [ RunTime:0.003289s ]
INFO: [ app_begin ] --END-- [ RunTime:0.003921s ]

[ 2013-12-03T22:27:41+08:00 ] 127.0.0.1 /register/
INFO: [ app_begin ] --START--
INFO: Run ReadHtmlCache Behavior [ RunTime:0.004361s ]
INFO: [ app_begin ] --END-- [ RunTime:0.005015s ]
SQL: SHOW COLUMNS FROM `tpl_members` [ RunTime:0.010028s ]
SQL: SELECT COUNT(*) AS tp_count FROM `tpl_members` WHERE ( `member_college` = 1 ) AND ( `member_remark` = '填报成功！' ) LIMIT 1   [ RunTime:0.001474s ]
SQL: SELECT COUNT(*) AS tp_count FROM `tpl_members` WHERE ( `member_college` = 1 ) AND ( `member_remark` = '预备！' ) LIMIT 1   [ RunTime:0.001054s ]
SQL: SELECT COUNT(*) AS tp_count FROM `tpl_members` WHERE ( `member_college` = 2 ) AND ( `member_remark` = '填报成功！' ) LIMIT 1   [ RunTime:0.001123s ]
SQL: SELECT COUNT(*) AS tp_count FROM `tpl_members` WHERE ( `member_college` = 2 ) AND ( `member_remark` = '预备！' ) LIMIT 1   [ RunTime:0.000942s ]
INFO: [ view_template ] --START--
INFO: Run LocationTemplate Behavior [ RunTime:0.004728s ]
INFO: [ view_template ] --END-- [ RunTime:0.005157s ]
INFO: [ view_parse ] --START--
INFO: Run ParseTemplate Behavior [ RunTime:0.042700s ]
INFO: [ view_parse ] --END-- [ RunTime:0.043189s ]
INFO: [ view_filter ] --START--
INFO: Run ContentReplace Behavior [ RunTime:0.002122s ]
INFO: Run TokenBuild Behavior [ RunTime:0.002794s ]
INFO: Run WriteHtmlCache Behavior [ RunTime:0.001535s ]
INFO: Run ShowRuntime Behavior [ RunTime:0.002613s ]
INFO: [ view_filter ] --END-- [ RunTime:0.010225s ]
INFO: [ view_end ] --START--
INFO: Run ShowPageTrace Behavior [ RunTime:0.003847s ]
INFO: [ view_end ] --END-- [ RunTime:0.004379s ]

[ 2013-12-03T22:27:41+08:00 ] 127.0.0.1 /register/index.php/Public/code
INFO: [ route_check ] --START--
INFO: Run CheckRoute Behavior [ RunTime:0.006899s ]
INFO: [ route_check ] --END-- [ RunTime:0.007698s ]
INFO: [ app_begin ] --START--
INFO: Run ReadHtmlCache Behavior [ RunTime:0.024192s ]
INFO: [ app_begin ] --END-- [ RunTime:0.029164s ]

[ 2013-12-03T22:27:43+08:00 ] 127.0.0.1 /register/index.php/Public/code?function%20random()%20{%20[native%20code]%20}
INFO: [ route_check ] --START--
INFO: Run CheckRoute Behavior [ RunTime:0.003371s ]
INFO: [ route_check ] --END-- [ RunTime:0.003855s ]
INFO: [ app_begin ] --START--
INFO: Run ReadHtmlCache Behavior [ RunTime:0.002526s ]
INFO: [ app_begin ] --END-- [ RunTime:0.002947s ]

[ 2013-12-03T22:27:43+08:00 ] 127.0.0.1 /register/index.php/Public/code?function%20random()%20{%20[native%20code]%20}?function%20random()%20{%20[native%20code]%20}
INFO: [ route_check ] --START--
INFO: Run CheckRoute Behavior [ RunTime:0.004097s ]
INFO: [ route_check ] --END-- [ RunTime:0.004547s ]
INFO: [ app_begin ] --START--
INFO: Run ReadHtmlCache Behavior [ RunTime:0.003138s ]
INFO: [ app_begin ] --END-- [ RunTime:0.003590s ]

[ 2013-12-03T22:27:43+08:00 ] 127.0.0.1 /register/index.php/Public/code?function%20random()%20{%20[native%20code]%20}?function%20random()%20{%20[native%20code]%20}?function%20random()%20{%20[native%20code]%20}
INFO: [ route_check ] --START--
INFO: Run CheckRoute Behavior [ RunTime:0.003147s ]
INFO: [ route_check ] --END-- [ RunTime:0.003578s ]
INFO: [ app_begin ] --START--
INFO: Run ReadHtmlCache Behavior [ RunTime:0.002478s ]
INFO: [ app_begin ] --END-- [ RunTime:0.002888s ]

[ 2013-12-03T22:27:43+08:00 ] 127.0.0.1 /register/index.php/Public/code?function%20random()%20{%20[native%20code]%20}?function%20random()%20{%20[native%20code]%20}?function%20random()%20{%20[native%20code]%20}?function%20random()%20{%20[native%20code]%20}
INFO: [ route_check ] --START--
INFO: Run CheckRoute Behavior [ RunTime:0.003077s ]
INFO: [ route_check ] --END-- [ RunTime:0.003503s ]
INFO: [ app_begin ] --START--
INFO: Run ReadHtmlCache Behavior [ RunTime:0.002481s ]
INFO: [ app_begin ] --END-- [ RunTime:0.002883s ]

[ 2013-12-03T22:34:50+08:00 ] 127.0.0.1 /register/
INFO: [ app_begin ] --START--
INFO: Run ReadHtmlCache Behavior [ RunTime:0.002863s ]
INFO: [ app_begin ] --END-- [ RunTime:0.003304s ]
SQL: SHOW COLUMNS FROM `tpl_members` [ RunTime:0.009622s ]
SQL: SELECT COUNT(*) AS tp_count FROM `tpl_members` WHERE ( `member_college` = 1 ) AND ( `member_remark` = '填报成功！' ) LIMIT 1   [ RunTime:0.001371s ]
SQL: SELECT COUNT(*) AS tp_count FROM `tpl_members` WHERE ( `member_college` = 1 ) AND ( `member_remark` = '填报成功！' ) LIMIT 1   [ RunTime:0.001100s ]
SQL: SELECT COUNT(*) AS tp_count FROM `tpl_members` WHERE ( `member_college` = 1 ) AND ( `member_remark` = '预备！' ) LIMIT 1   [ RunTime:0.001124s ]
SQL: SELECT COUNT(*) AS tp_count FROM `tpl_members` WHERE ( `member_college` = 1 ) AND ( `member_remark` = '预备！' ) LIMIT 1   [ RunTime:0.001125s ]
SQL: SELECT COUNT(*) AS tp_count FROM `tpl_members` WHERE ( `member_college` = 2 ) AND ( `member_remark` = '填报成功！' ) LIMIT 1   [ RunTime:0.001449s ]
SQL: SELECT COUNT(*) AS tp_count FROM `tpl_members` WHERE ( `member_college` = 2 ) AND ( `member_remark` = '填报成功！' ) LIMIT 1   [ RunTime:0.001117s ]
SQL: SELECT COUNT(*) AS tp_count FROM `tpl_members` WHERE ( `member_college` = 2 ) AND ( `member_remark` = '预备！' ) LIMIT 1   [ RunTime:0.001095s ]
SQL: SELECT COUNT(*) AS tp_count FROM `tpl_members` WHERE ( `member_college` = 2 ) AND ( `member_remark` = '预备！' ) LIMIT 1   [ RunTime:0.001449s ]
INFO: [ view_template ] --START--
INFO: Run LocationTemplate Behavior [ RunTime:0.003756s ]
INFO: [ view_template ] --END-- [ RunTime:0.004323s ]
INFO: [ view_parse ] --START--
INFO: Run ParseTemplate Behavior [ RunTime:0.038682s ]
INFO: [ view_parse ] --END-- [ RunTime:0.039188s ]
INFO: [ view_filter ] --START--
INFO: Run ContentReplace Behavior [ RunTime:0.002200s ]
INFO: Run TokenBuild Behavior [ RunTime:0.002706s ]
INFO: Run WriteHtmlCache Behavior [ RunTime:0.001731s ]
INFO: Run ShowRuntime Behavior [ RunTime:0.002448s ]
INFO: [ view_filter ] --END-- [ RunTime:0.010505s ]
INFO: [ view_end ] --START--
INFO: Run ShowPageTrace Behavior [ RunTime:0.003561s ]
INFO: [ view_end ] --END-- [ RunTime:0.004127s ]

[ 2013-12-03T22:34:50+08:00 ] 127.0.0.1 /register/index.php/Public/code
INFO: [ route_check ] --START--
INFO: Run CheckRoute Behavior [ RunTime:0.004484s ]
INFO: [ route_check ] --END-- [ RunTime:0.005076s ]
INFO: [ app_begin ] --START--
INFO: Run ReadHtmlCache Behavior [ RunTime:0.004150s ]
INFO: [ app_begin ] --END-- [ RunTime:0.004842s ]

[ 2013-12-03T22:34:54+08:00 ] 127.0.0.1 /register/
INFO: [ app_begin ] --START--
INFO: Run ReadHtmlCache Behavior [ RunTime:0.001983s ]
INFO: [ app_begin ] --END-- [ RunTime:0.002443s ]
SQL: SHOW COLUMNS FROM `tpl_members` [ RunTime:0.011709s ]
SQL: SELECT COUNT(*) AS tp_count FROM `tpl_members` WHERE ( `member_college` = 1 ) AND ( `member_remark` = '填报成功！' ) LIMIT 1   [ RunTime:0.001279s ]
SQL: SELECT COUNT(*) AS tp_count FROM `tpl_members` WHERE ( `member_college` = 1 ) AND ( `member_remark` = '填报成功！' ) LIMIT 1   [ RunTime:0.001075s ]
SQL: SELECT COUNT(*) AS tp_count FROM `tpl_members` WHERE ( `member_college` = 1 ) AND ( `member_remark` = '预备！' ) LIMIT 1   [ RunTime:0.001112s ]
SQL: SELECT COUNT(*) AS tp_count FROM `tpl_members` WHERE ( `member_college` = 1 ) AND ( `member_remark` = '预备！' ) LIMIT 1   [ RunTime:0.001450s ]
SQL: SELECT COUNT(*) AS tp_count FROM `tpl_members` WHERE ( `member_college` = 2 ) AND ( `member_remark` = '填报成功！' ) LIMIT 1   [ RunTime:0.001177s ]
SQL: SELECT COUNT(*) AS tp_count FROM `tpl_members` WHERE ( `member_college` = 2 ) AND ( `member_remark` = '填报成功！' ) LIMIT 1   [ RunTime:0.001135s ]
SQL: SELECT COUNT(*) AS tp_count FROM `tpl_members` WHERE ( `member_college` = 2 ) AND ( `member_remark` = '预备！' ) LIMIT 1   [ RunTime:0.001088s ]
SQL: SELECT COUNT(*) AS tp_count FROM `tpl_members` WHERE ( `member_college` = 2 ) AND ( `member_remark` = '预备！' ) LIMIT 1   [ RunTime:0.001087s ]
INFO: [ view_template ] --START--
INFO: Run LocationTemplate Behavior [ RunTime:0.003449s ]
INFO: [ view_template ] --END-- [ RunTime:0.004211s ]
INFO: [ view_parse ] --START--
INFO: Run ParseTemplate Behavior [ RunTime:0.039369s ]
INFO: [ view_parse ] --END-- [ RunTime:0.040087s ]
INFO: [ view_filter ] --START--
INFO: Run ContentReplace Behavior [ RunTime:0.002024s ]
INFO: Run TokenBuild Behavior [ RunTime:0.001986s ]
INFO: Run WriteHtmlCache Behavior [ RunTime:0.001356s ]
INFO: Run ShowRuntime Behavior [ RunTime:0.002196s ]
INFO: [ view_filter ] --END-- [ RunTime:0.008710s ]
INFO: [ view_end ] --START--
INFO: Run ShowPageTrace Behavior [ RunTime:0.003272s ]
INFO: [ view_end ] --END-- [ RunTime:0.003816s ]

[ 2013-12-03T22:34:54+08:00 ] 127.0.0.1 /register/index.php/Public/code
INFO: [ route_check ] --START--
INFO: Run CheckRoute Behavior [ RunTime:0.006116s ]
INFO: [ route_check ] --END-- [ RunTime:0.006829s ]
INFO: [ app_begin ] --START--
INFO: Run ReadHtmlCache Behavior [ RunTime:0.004251s ]
INFO: [ app_begin ] --END-- [ RunTime:0.005108s ]

[ 2013-12-03T22:35:50+08:00 ] 127.0.0.1 /register/
INFO: [ app_begin ] --START--
INFO: Run ReadHtmlCache Behavior [ RunTime:0.003331s ]
INFO: [ app_begin ] --END-- [ RunTime:0.003802s ]
SQL: SHOW COLUMNS FROM `tpl_members` [ RunTime:0.010308s ]
SQL: SELECT COUNT(*) AS tp_count FROM `tpl_members` WHERE ( `member_college` = 1 ) AND ( `member_remark` = '填报成功！' ) LIMIT 1   [ RunTime:0.001352s ]
SQL: SELECT COUNT(*) AS tp_count FROM `tpl_members` WHERE ( `member_college` = 1 ) AND ( `member_remark` = '填报成功！' ) LIMIT 1   [ RunTime:0.001230s ]
SQL: SELECT COUNT(*) AS tp_count FROM `tpl_members` WHERE ( `member_college` = 1 ) AND ( `member_remark` = '预备！' ) LIMIT 1   [ RunTime:0.001125s ]
SQL: SELECT COUNT(*) AS tp_count FROM `tpl_members` WHERE ( `member_college` = 1 ) AND ( `member_remark` = '预备！' ) LIMIT 1   [ RunTime:0.001152s ]
SQL: SELECT COUNT(*) AS tp_count FROM `tpl_members` WHERE ( `member_college` = 2 ) AND ( `member_remark` = '填报成功！' ) LIMIT 1   [ RunTime:0.001102s ]
SQL: SELECT COUNT(*) AS tp_count FROM `tpl_members` WHERE ( `member_college` = 2 ) AND ( `member_remark` = '填报成功！' ) LIMIT 1   [ RunTime:0.001091s ]
SQL: SELECT COUNT(*) AS tp_count FROM `tpl_members` WHERE ( `member_college` = 2 ) AND ( `member_remark` = '预备！' ) LIMIT 1   [ RunTime:0.001395s ]
SQL: SELECT COUNT(*) AS tp_count FROM `tpl_members` WHERE ( `member_college` = 2 ) AND ( `member_remark` = '预备！' ) LIMIT 1   [ RunTime:0.001401s ]
INFO: [ view_template ] --START--
INFO: Run LocationTemplate Behavior [ RunTime:0.003879s ]
INFO: [ view_template ] --END-- [ RunTime:0.004416s ]
INFO: [ view_parse ] --START--
INFO: Run ParseTemplate Behavior [ RunTime:0.036150s ]
INFO: [ view_parse ] --END-- [ RunTime:0.036594s ]
INFO: [ view_filter ] --START--
INFO: Run ContentReplace Behavior [ RunTime:0.002559s ]
INFO: Run TokenBuild Behavior [ RunTime:0.002135s ]
INFO: Run WriteHtmlCache Behavior [ RunTime:0.001315s ]
INFO: Run ShowRuntime Behavior [ RunTime:0.002447s ]
INFO: [ view_filter ] --END-- [ RunTime:0.009623s ]
INFO: [ view_end ] --START--
INFO: Run ShowPageTrace Behavior [ RunTime:0.003437s ]
INFO: [ view_end ] --END-- [ RunTime:0.003984s ]

[ 2013-12-03T22:35:50+08:00 ] 127.0.0.1 /register/index.php/Public/code
INFO: [ route_check ] --START--
INFO: Run CheckRoute Behavior [ RunTime:0.006334s ]
INFO: [ route_check ] --END-- [ RunTime:0.007175s ]
INFO: [ app_begin ] --START--
INFO: Run ReadHtmlCache Behavior [ RunTime:0.002433s ]
INFO: [ app_begin ] --END-- [ RunTime:0.002899s ]

[ 2013-12-03T22:35:52+08:00 ] 127.0.0.1 /register/
INFO: [ app_begin ] --START--
INFO: Run ReadHtmlCache Behavior [ RunTime:0.002426s ]
INFO: [ app_begin ] --END-- [ RunTime:0.003016s ]
SQL: SHOW COLUMNS FROM `tpl_members` [ RunTime:0.011451s ]
SQL: SELECT COUNT(*) AS tp_count FROM `tpl_members` WHERE ( `member_college` = 1 ) AND ( `member_remark` = '填报成功！' ) LIMIT 1   [ RunTime:0.001304s ]
SQL: SELECT COUNT(*) AS tp_count FROM `tpl_members` WHERE ( `member_college` = 1 ) AND ( `member_remark` = '填报成功！' ) LIMIT 1   [ RunTime:0.001129s ]
SQL: SELECT COUNT(*) AS tp_count FROM `tpl_members` WHERE ( `member_college` = 1 ) AND ( `member_remark` = '预备！' ) LIMIT 1   [ RunTime:0.001527s ]
SQL: SELECT COUNT(*) AS tp_count FROM `tpl_members` WHERE ( `member_college` = 1 ) AND ( `member_remark` = '预备！' ) LIMIT 1   [ RunTime:0.001201s ]
SQL: SELECT COUNT(*) AS tp_count FROM `tpl_members` WHERE ( `member_college` = 2 ) AND ( `member_remark` = '填报成功！' ) LIMIT 1   [ RunTime:0.001119s ]
SQL: SELECT COUNT(*) AS tp_count FROM `tpl_members` WHERE ( `member_college` = 2 ) AND ( `member_remark` = '填报成功！' ) LIMIT 1   [ RunTime:0.001060s ]
SQL: SELECT COUNT(*) AS tp_count FROM `tpl_members` WHERE ( `member_college` = 2 ) AND ( `member_remark` = '预备！' ) LIMIT 1   [ RunTime:0.001129s ]
SQL: SELECT COUNT(*) AS tp_count FROM `tpl_members` WHERE ( `member_college` = 2 ) AND ( `member_remark` = '预备！' ) LIMIT 1   [ RunTime:0.001108s ]
INFO: [ view_template ] --START--
INFO: Run LocationTemplate Behavior [ RunTime:0.003225s ]
INFO: [ view_template ] --END-- [ RunTime:0.003676s ]
INFO: [ view_parse ] --START--
INFO: Run ParseTemplate Behavior [ RunTime:0.033790s ]
INFO: [ view_parse ] --END-- [ RunTime:0.034263s ]
INFO: [ view_filter ] --START--
INFO: Run ContentReplace Behavior [ RunTime:0.001993s ]
INFO: Run TokenBuild Behavior [ RunTime:0.001792s ]
INFO: Run WriteHtmlCache Behavior [ RunTime:0.002089s ]
INFO: Run ShowRuntime Behavior [ RunTime:0.002594s ]
INFO: [ view_filter ] --END-- [ RunTime:0.010032s ]
INFO: [ view_end ] --START--
INFO: Run ShowPageTrace Behavior [ RunTime:0.002530s ]
INFO: [ view_end ] --END-- [ RunTime:0.002971s ]

[ 2013-12-03T22:35:52+08:00 ] 127.0.0.1 /register/index.php/Public/code
INFO: [ route_check ] --START--
INFO: Run CheckRoute Behavior [ RunTime:0.005135s ]
INFO: [ route_check ] --END-- [ RunTime:0.005943s ]
INFO: [ app_begin ] --START--
INFO: Run ReadHtmlCache Behavior [ RunTime:0.002875s ]
INFO: [ app_begin ] --END-- [ RunTime:0.003373s ]

[ 2013-12-03T22:36:31+08:00 ] 127.0.0.1 /register/
INFO: [ app_begin ] --START--
INFO: Run ReadHtmlCache Behavior [ RunTime:0.001898s ]
INFO: [ app_begin ] --END-- [ RunTime:0.002334s ]
SQL: SHOW COLUMNS FROM `tpl_members` [ RunTime:0.009589s ]
SQL: SELECT COUNT(*) AS tp_count FROM `tpl_members` WHERE ( `member_college` = 1 ) AND ( `member_remark` = '填报成功！' ) LIMIT 1   [ RunTime:0.001462s ]
SQL: SELECT COUNT(*) AS tp_count FROM `tpl_members` WHERE ( `member_college` = 1 ) AND ( `member_remark` = '预备！' ) LIMIT 1   [ RunTime:0.001248s ]
SQL: SELECT COUNT(*) AS tp_count FROM `tpl_members` WHERE ( `member_college` = 2 ) AND ( `member_remark` = '填报成功！' ) LIMIT 1   [ RunTime:0.001076s ]
SQL: SELECT COUNT(*) AS tp_count FROM `tpl_members` WHERE ( `member_college` = 2 ) AND ( `member_remark` = '填报成功！' ) LIMIT 1   [ RunTime:0.001483s ]
SQL: SELECT COUNT(*) AS tp_count FROM `tpl_members` WHERE ( `member_college` = 2 ) AND ( `member_remark` = '预备！' ) LIMIT 1   [ RunTime:0.001105s ]
SQL: SELECT COUNT(*) AS tp_count FROM `tpl_members` WHERE ( `member_college` = 2 ) AND ( `member_remark` = '预备！' ) LIMIT 1   [ RunTime:0.001144s ]
INFO: [ view_template ] --START--
INFO: Run LocationTemplate Behavior [ RunTime:0.001717s ]
INFO: [ view_template ] --END-- [ RunTime:0.002128s ]
INFO: [ view_parse ] --START--
INFO: Run ParseTemplate Behavior [ RunTime:0.032009s ]
INFO: [ view_parse ] --END-- [ RunTime:0.032453s ]
INFO: [ view_filter ] --START--
INFO: Run ContentReplace Behavior [ RunTime:0.001408s ]
INFO: Run TokenBuild Behavior [ RunTime:0.002095s ]
INFO: Run WriteHtmlCache Behavior [ RunTime:0.001038s ]
INFO: Run ShowRuntime Behavior [ RunTime:0.001925s ]
INFO: [ view_filter ] --END-- [ RunTime:0.007761s ]
INFO: [ view_end ] --START--
INFO: Run ShowPageTrace Behavior [ RunTime:0.002292s ]
INFO: [ view_end ] --END-- [ RunTime:0.002669s ]

[ 2013-12-03T22:36:31+08:00 ] 127.0.0.1 /register/index.php/Public/code
INFO: [ route_check ] --START--
INFO: Run CheckRoute Behavior [ RunTime:0.005353s ]
INFO: [ route_check ] --END-- [ RunTime:0.006163s ]
INFO: [ app_begin ] --START--
INFO: Run ReadHtmlCache Behavior [ RunTime:0.004997s ]
INFO: [ app_begin ] --END-- [ RunTime:0.005757s ]

[ 2013-12-03T22:36:45+08:00 ] 127.0.0.1 /register/
INFO: [ app_begin ] --START--
INFO: Run ReadHtmlCache Behavior [ RunTime:0.002792s ]
INFO: [ app_begin ] --END-- [ RunTime:0.003216s ]
SQL: SHOW COLUMNS FROM `tpl_members` [ RunTime:0.011998s ]
SQL: SELECT COUNT(*) AS tp_count FROM `tpl_members` WHERE ( `member_college` = 1 ) AND ( `member_remark` = '填报成功！' ) LIMIT 1   [ RunTime:0.001298s ]
SQL: SELECT COUNT(*) AS tp_count FROM `tpl_members` WHERE ( `member_college` = 1 ) AND ( `member_remark` = '预备！' ) LIMIT 1   [ RunTime:0.001114s ]
SQL: SELECT COUNT(*) AS tp_count FROM `tpl_members` WHERE ( `member_college` = 2 ) AND ( `member_remark` = '填报成功！' ) LIMIT 1   [ RunTime:0.001210s ]
SQL: SELECT COUNT(*) AS tp_count FROM `tpl_members` WHERE ( `member_college` = 2 ) AND ( `member_remark` = '填报成功！' ) LIMIT 1   [ RunTime:0.001378s ]
SQL: SELECT COUNT(*) AS tp_count FROM `tpl_members` WHERE ( `member_college` = 2 ) AND ( `member_remark` = '预备！' ) LIMIT 1   [ RunTime:0.001122s ]
SQL: SELECT COUNT(*) AS tp_count FROM `tpl_members` WHERE ( `member_college` = 2 ) AND ( `member_remark` = '预备！' ) LIMIT 1   [ RunTime:0.001052s ]
INFO: [ view_template ] --START--
INFO: Run LocationTemplate Behavior [ RunTime:0.003559s ]
INFO: [ view_template ] --END-- [ RunTime:0.003976s ]
INFO: [ view_parse ] --START--
INFO: Run ParseTemplate Behavior [ RunTime:0.035534s ]
INFO: [ view_parse ] --END-- [ RunTime:0.036063s ]
INFO: [ view_filter ] --START--
INFO: Run ContentReplace Behavior [ RunTime:0.002636s ]
INFO: Run TokenBuild Behavior [ RunTime:0.002052s ]
INFO: Run WriteHtmlCache Behavior [ RunTime:0.001091s ]
INFO: Run ShowRuntime Behavior [ RunTime:0.002335s ]
INFO: [ view_filter ] --END-- [ RunTime:0.009340s ]
INFO: [ view_end ] --START--
INFO: Run ShowPageTrace Behavior [ RunTime:0.002907s ]
INFO: [ view_end ] --END-- [ RunTime:0.003386s ]

[ 2013-12-03T22:36:45+08:00 ] 127.0.0.1 /register/index.php/Public/code
INFO: [ route_check ] --START--
INFO: Run CheckRoute Behavior [ RunTime:0.004815s ]
INFO: [ route_check ] --END-- [ RunTime:0.005587s ]
INFO: [ app_begin ] --START--
INFO: Run ReadHtmlCache Behavior [ RunTime:0.009442s ]
INFO: [ app_begin ] --END-- [ RunTime:0.010244s ]

[ 2013-12-03T22:36:48+08:00 ] 127.0.0.1 /register/
INFO: [ app_begin ] --START--
INFO: Run ReadHtmlCache Behavior [ RunTime:0.003040s ]
INFO: [ app_begin ] --END-- [ RunTime:0.003605s ]
SQL: SHOW COLUMNS FROM `tpl_members` [ RunTime:0.009938s ]
SQL: SELECT COUNT(*) AS tp_count FROM `tpl_members` WHERE ( `member_college` = 1 ) AND ( `member_remark` = '填报成功！' ) LIMIT 1   [ RunTime:0.001288s ]
SQL: SELECT COUNT(*) AS tp_count FROM `tpl_members` WHERE ( `member_college` = 1 ) AND ( `member_remark` = '预备！' ) LIMIT 1   [ RunTime:0.001109s ]
SQL: SELECT COUNT(*) AS tp_count FROM `tpl_members` WHERE ( `member_college` = 2 ) AND ( `member_remark` = '填报成功！' ) LIMIT 1   [ RunTime:0.001386s ]
SQL: SELECT COUNT(*) AS tp_count FROM `tpl_members` WHERE ( `member_college` = 2 ) AND ( `member_remark` = '填报成功！' ) LIMIT 1   [ RunTime:0.001465s ]
SQL: SELECT COUNT(*) AS tp_count FROM `tpl_members` WHERE ( `member_college` = 2 ) AND ( `member_remark` = '预备！' ) LIMIT 1   [ RunTime:0.001208s ]
SQL: SELECT COUNT(*) AS tp_count FROM `tpl_members` WHERE ( `member_college` = 2 ) AND ( `member_remark` = '预备！' ) LIMIT 1   [ RunTime:0.001295s ]
INFO: [ view_template ] --START--
INFO: Run LocationTemplate Behavior [ RunTime:0.003353s ]
INFO: [ view_template ] --END-- [ RunTime:0.003779s ]
INFO: [ view_parse ] --START--
INFO: Run ParseTemplate Behavior [ RunTime:0.039017s ]
INFO: [ view_parse ] --END-- [ RunTime:0.039467s ]
INFO: [ view_filter ] --START--
INFO: Run ContentReplace Behavior [ RunTime:0.002151s ]
INFO: Run TokenBuild Behavior [ RunTime:0.002046s ]
INFO: Run WriteHtmlCache Behavior [ RunTime:0.001122s ]
INFO: Run ShowRuntime Behavior [ RunTime:0.002691s ]
INFO: [ view_filter ] --END-- [ RunTime:0.009240s ]
INFO: [ view_end ] --START--
INFO: Run ShowPageTrace Behavior [ RunTime:0.002795s ]
INFO: [ view_end ] --END-- [ RunTime:0.003187s ]

[ 2013-12-03T22:36:48+08:00 ] 127.0.0.1 /register/index.php/Public/code
INFO: [ route_check ] --START--
INFO: Run CheckRoute Behavior [ RunTime:0.004108s ]
INFO: [ route_check ] --END-- [ RunTime:0.004721s ]
INFO: [ app_begin ] --START--
INFO: Run ReadHtmlCache Behavior [ RunTime:0.003118s ]
INFO: [ app_begin ] --END-- [ RunTime:0.003695s ]

[ 2013-12-03T22:39:09+08:00 ] 127.0.0.1 /register/
INFO: [ app_begin ] --START--
INFO: Run ReadHtmlCache Behavior [ RunTime:0.002855s ]
INFO: [ app_begin ] --END-- [ RunTime:0.003365s ]
SQL: SHOW COLUMNS FROM `tpl_members` [ RunTime:0.009679s ]
SQL: SELECT COUNT(*) AS tp_count FROM `tpl_members` WHERE ( `member_college` = 1 ) AND ( `member_remark` = '填报成功！' ) LIMIT 1   [ RunTime:0.001314s ]
SQL: SELECT COUNT(*) AS tp_count FROM `tpl_members` WHERE ( `member_college` = 1 ) AND ( `member_remark` = '预备！' ) LIMIT 1   [ RunTime:0.001430s ]
SQL: SELECT COUNT(*) AS tp_count FROM `tpl_members` WHERE ( `member_college` = 2 ) AND ( `member_remark` = '填报成功！' ) LIMIT 1   [ RunTime:0.001172s ]
SQL: SELECT COUNT(*) AS tp_count FROM `tpl_members` WHERE ( `member_college` = 2 ) AND ( `member_remark` = '填报成功！' ) LIMIT 1   [ RunTime:0.001095s ]
SQL: SELECT COUNT(*) AS tp_count FROM `tpl_members` WHERE ( `member_college` = 2 ) AND ( `member_remark` = '预备！' ) LIMIT 1   [ RunTime:0.001129s ]
INFO: [ view_template ] --START--
INFO: Run LocationTemplate Behavior [ RunTime:0.003104s ]
INFO: [ view_template ] --END-- [ RunTime:0.003523s ]
INFO: [ view_parse ] --START--
INFO: Run ParseTemplate Behavior [ RunTime:0.041158s ]
INFO: [ view_parse ] --END-- [ RunTime:0.041620s ]
INFO: [ view_filter ] --START--
INFO: Run ContentReplace Behavior [ RunTime:0.001920s ]
INFO: Run TokenBuild Behavior [ RunTime:0.001981s ]
INFO: Run WriteHtmlCache Behavior [ RunTime:0.001408s ]
INFO: Run ShowRuntime Behavior [ RunTime:0.011793s ]
INFO: [ view_filter ] --END-- [ RunTime:0.018545s ]
INFO: [ view_end ] --START--
INFO: Run ShowPageTrace Behavior [ RunTime:0.006041s ]
INFO: [ view_end ] --END-- [ RunTime:0.008283s ]

[ 2013-12-03T22:39:09+08:00 ] 127.0.0.1 /register/index.php/Public/code
INFO: [ route_check ] --START--
INFO: Run CheckRoute Behavior [ RunTime:0.006373s ]
INFO: [ route_check ] --END-- [ RunTime:0.007269s ]
INFO: [ app_begin ] --START--
INFO: Run ReadHtmlCache Behavior [ RunTime:0.004684s ]
INFO: [ app_begin ] --END-- [ RunTime:0.005861s ]

[ 2013-12-03T22:39:11+08:00 ] 127.0.0.1 /register/
INFO: [ app_begin ] --START--
INFO: Run ReadHtmlCache Behavior [ RunTime:0.002944s ]
INFO: [ app_begin ] --END-- [ RunTime:0.003394s ]
SQL: SHOW COLUMNS FROM `tpl_members` [ RunTime:0.009447s ]
SQL: SELECT COUNT(*) AS tp_count FROM `tpl_members` WHERE ( `member_college` = 1 ) AND ( `member_remark` = '填报成功！' ) LIMIT 1   [ RunTime:0.001298s ]
SQL: SELECT COUNT(*) AS tp_count FROM `tpl_members` WHERE ( `member_college` = 1 ) AND ( `member_remark` = '预备！' ) LIMIT 1   [ RunTime:0.001135s ]
SQL: SELECT COUNT(*) AS tp_count FROM `tpl_members` WHERE ( `member_college` = 2 ) AND ( `member_remark` = '填报成功！' ) LIMIT 1   [ RunTime:0.001113s ]
SQL: SELECT COUNT(*) AS tp_count FROM `tpl_members` WHERE ( `member_college` = 2 ) AND ( `member_remark` = '填报成功！' ) LIMIT 1   [ RunTime:0.001172s ]
SQL: SELECT COUNT(*) AS tp_count FROM `tpl_members` WHERE ( `member_college` = 2 ) AND ( `member_remark` = '预备！' ) LIMIT 1   [ RunTime:0.001103s ]
INFO: [ view_template ] --START--
INFO: Run LocationTemplate Behavior [ RunTime:0.003628s ]
INFO: [ view_template ] --END-- [ RunTime:0.004053s ]
INFO: [ view_parse ] --START--
INFO: Run ParseTemplate Behavior [ RunTime:0.041488s ]
INFO: [ view_parse ] --END-- [ RunTime:0.041966s ]
INFO: [ view_filter ] --START--
INFO: Run ContentReplace Behavior [ RunTime:0.002288s ]
INFO: Run TokenBuild Behavior [ RunTime:0.001889s ]
INFO: Run WriteHtmlCache Behavior [ RunTime:0.002388s ]
INFO: Run ShowRuntime Behavior [ RunTime:0.003302s ]
INFO: [ view_filter ] --END-- [ RunTime:0.011474s ]
INFO: [ view_end ] --START--
INFO: Run ShowPageTrace Behavior [ RunTime:0.003199s ]
INFO: [ view_end ] --END-- [ RunTime:0.003619s ]

[ 2013-12-03T22:39:11+08:00 ] 127.0.0.1 /register/index.php/Public/code
INFO: [ route_check ] --START--
INFO: Run CheckRoute Behavior [ RunTime:0.003862s ]
INFO: [ route_check ] --END-- [ RunTime:0.004386s ]
INFO: [ app_begin ] --START--
INFO: Run ReadHtmlCache Behavior [ RunTime:0.003936s ]
INFO: [ app_begin ] --END-- [ RunTime:0.004546s ]

[ 2013-12-03T22:39:12+08:00 ] 127.0.0.1 /register/
INFO: [ app_begin ] --START--
INFO: Run ReadHtmlCache Behavior [ RunTime:0.002791s ]
INFO: [ app_begin ] --END-- [ RunTime:0.003246s ]
SQL: SHOW COLUMNS FROM `tpl_members` [ RunTime:0.009552s ]
SQL: SELECT COUNT(*) AS tp_count FROM `tpl_members` WHERE ( `member_college` = 1 ) AND ( `member_remark` = '填报成功！' ) LIMIT 1   [ RunTime:0.001352s ]
SQL: SELECT COUNT(*) AS tp_count FROM `tpl_members` WHERE ( `member_college` = 1 ) AND ( `member_remark` = '预备！' ) LIMIT 1   [ RunTime:0.001140s ]
SQL: SELECT COUNT(*) AS tp_count FROM `tpl_members` WHERE ( `member_college` = 2 ) AND ( `member_remark` = '填报成功！' ) LIMIT 1   [ RunTime:0.001103s ]
SQL: SELECT COUNT(*) AS tp_count FROM `tpl_members` WHERE ( `member_college` = 2 ) AND ( `member_remark` = '填报成功！' ) LIMIT 1   [ RunTime:0.001230s ]
SQL: SELECT COUNT(*) AS tp_count FROM `tpl_members` WHERE ( `member_college` = 2 ) AND ( `member_remark` = '预备！' ) LIMIT 1   [ RunTime:0.001101s ]
INFO: [ view_template ] --START--
INFO: Run LocationTemplate Behavior [ RunTime:0.003356s ]
INFO: [ view_template ] --END-- [ RunTime:0.003786s ]
INFO: [ view_parse ] --START--
INFO: Run ParseTemplate Behavior [ RunTime:0.036243s ]
INFO: [ view_parse ] --END-- [ RunTime:0.036708s ]
INFO: [ view_filter ] --START--
INFO: Run ContentReplace Behavior [ RunTime:0.002093s ]
INFO: Run TokenBuild Behavior [ RunTime:0.001695s ]
INFO: Run WriteHtmlCache Behavior [ RunTime:0.001540s ]
INFO: Run ShowRuntime Behavior [ RunTime:0.002844s ]
INFO: [ view_filter ] --END-- [ RunTime:0.009298s ]
INFO: [ view_end ] --START--
INFO: Run ShowPageTrace Behavior [ RunTime:0.003140s ]
INFO: [ view_end ] --END-- [ RunTime:0.003547s ]

[ 2013-12-03T22:39:12+08:00 ] 127.0.0.1 /register/index.php/Public/code
INFO: [ route_check ] --START--
INFO: Run CheckRoute Behavior [ RunTime:0.005307s ]
INFO: [ route_check ] --END-- [ RunTime:0.006138s ]
INFO: [ app_begin ] --START--
INFO: Run ReadHtmlCache Behavior [ RunTime:0.004982s ]
INFO: [ app_begin ] --END-- [ RunTime:0.005714s ]

[ 2013-12-03T22:40:56+08:00 ] 127.0.0.1 /register/
INFO: [ app_begin ] --START--
INFO: Run ReadHtmlCache Behavior [ RunTime:0.002098s ]
INFO: [ app_begin ] --END-- [ RunTime:0.002590s ]
SQL: SHOW COLUMNS FROM `tpl_members` [ RunTime:0.008806s ]
SQL: SELECT COUNT(*) AS tp_count FROM `tpl_members` WHERE ( `member_college` = 1 ) AND ( `member_remark` = '填报成功！' ) LIMIT 1   [ RunTime:0.001332s ]
SQL: SELECT COUNT(*) AS tp_count FROM `tpl_members` WHERE ( `member_college` = 1 ) AND ( `member_remark` = '预备！' ) LIMIT 1   [ RunTime:0.001478s ]
SQL: SELECT COUNT(*) AS tp_count FROM `tpl_members` WHERE ( `member_college` = 2 ) AND ( `member_remark` = '填报成功！' ) LIMIT 1   [ RunTime:0.001009s ]
SQL: SELECT COUNT(*) AS tp_count FROM `tpl_members` WHERE ( `member_college` = 2 ) AND ( `member_remark` = '预备！' ) LIMIT 1   [ RunTime:0.001229s ]
INFO: [ view_template ] --START--
INFO: Run LocationTemplate Behavior [ RunTime:0.002388s ]
INFO: [ view_template ] --END-- [ RunTime:0.003059s ]
INFO: [ view_parse ] --START--
INFO: Run ParseTemplate Behavior [ RunTime:0.031867s ]
INFO: [ view_parse ] --END-- [ RunTime:0.032346s ]
INFO: [ view_filter ] --START--
INFO: Run ContentReplace Behavior [ RunTime:0.001408s ]
INFO: Run TokenBuild Behavior [ RunTime:0.002312s ]
INFO: Run WriteHtmlCache Behavior [ RunTime:0.001034s ]
INFO: Run ShowRuntime Behavior [ RunTime:0.001870s ]
INFO: [ view_filter ] --END-- [ RunTime:0.007869s ]
INFO: [ view_end ] --START--
INFO: Run ShowPageTrace Behavior [ RunTime:0.002135s ]
INFO: [ view_end ] --END-- [ RunTime:0.002619s ]

[ 2013-12-03T22:40:56+08:00 ] 127.0.0.1 /register/index.php/Public/code
INFO: [ route_check ] --START--
INFO: Run CheckRoute Behavior [ RunTime:0.004947s ]
INFO: [ route_check ] --END-- [ RunTime:0.005576s ]
INFO: [ app_begin ] --START--
INFO: Run ReadHtmlCache Behavior [ RunTime:0.005306s ]
INFO: [ app_begin ] --END-- [ RunTime:0.006046s ]

[ 2013-12-03T22:42:15+08:00 ] 127.0.0.1 /register/
INFO: [ app_begin ] --START--
INFO: Run ReadHtmlCache Behavior [ RunTime:0.003234s ]
INFO: [ app_begin ] --END-- [ RunTime:0.003690s ]
SQL: SHOW COLUMNS FROM `tpl_members` [ RunTime:0.009604s ]
SQL: SELECT COUNT(*) AS tp_count FROM `tpl_members` WHERE ( `member_college` = 1 ) AND ( `member_remark` = '填报成功！' ) LIMIT 1   [ RunTime:0.001401s ]
SQL: SELECT COUNT(*) AS tp_count FROM `tpl_members` WHERE ( `member_college` = 1 ) AND ( `member_remark` = '填报成功！' ) LIMIT 1   [ RunTime:0.001062s ]
SQL: SELECT COUNT(*) AS tp_count FROM `tpl_members` WHERE ( `member_college` = 1 ) AND ( `member_remark` = '预备！' ) LIMIT 1   [ RunTime:0.001156s ]
SQL: SELECT COUNT(*) AS tp_count FROM `tpl_members` WHERE ( `member_college` = 1 ) AND ( `member_remark` = '预备！' ) LIMIT 1   [ RunTime:0.001190s ]
SQL: SELECT COUNT(*) AS tp_count FROM `tpl_members` WHERE ( `member_college` = 2 ) AND ( `member_remark` = '填报成功！' ) LIMIT 1   [ RunTime:0.001095s ]
SQL: SELECT COUNT(*) AS tp_count FROM `tpl_members` WHERE ( `member_college` = 2 ) AND ( `member_remark` = '填报成功！' ) LIMIT 1   [ RunTime:0.001269s ]
SQL: SELECT COUNT(*) AS tp_count FROM `tpl_members` WHERE ( `member_college` = 2 ) AND ( `member_remark` = '预备！' ) LIMIT 1   [ RunTime:0.001112s ]
INFO: [ view_template ] --START--
INFO: Run LocationTemplate Behavior [ RunTime:0.003627s ]
INFO: [ view_template ] --END-- [ RunTime:0.004070s ]
INFO: [ view_parse ] --START--
INFO: Run ParseTemplate Behavior [ RunTime:0.044802s ]
INFO: [ view_parse ] --END-- [ RunTime:0.045260s ]
INFO: [ view_filter ] --START--
INFO: Run ContentReplace Behavior [ RunTime:0.002220s ]
INFO: Run TokenBuild Behavior [ RunTime:0.002582s ]
INFO: Run WriteHtmlCache Behavior [ RunTime:0.002675s ]
INFO: Run ShowRuntime Behavior [ RunTime:0.003496s ]
INFO: [ view_filter ] --END-- [ RunTime:0.012527s ]
INFO: [ view_end ] --START--
INFO: Run ShowPageTrace Behavior [ RunTime:0.003172s ]
INFO: [ view_end ] --END-- [ RunTime:0.003649s ]

[ 2013-12-03T22:42:15+08:00 ] 127.0.0.1 /register/index.php/Public/code
INFO: [ route_check ] --START--
INFO: Run CheckRoute Behavior [ RunTime:0.003577s ]
INFO: [ route_check ] --END-- [ RunTime:0.004030s ]
INFO: [ app_begin ] --START--
INFO: Run ReadHtmlCache Behavior [ RunTime:0.002705s ]
INFO: [ app_begin ] --END-- [ RunTime:0.003281s ]

