#
# A fatal error has been detected by the Java Runtime Environment:
#
#  Internal Error (javaClasses.cpp:129), pid=5452, tid=4396
#  fatal error: Invalid layout of preloaded class
#
# JRE version: 7.0_21-b11
# Java VM: Java HotSpot(TM) Client VM (23.21-b01 mixed mode windows-x86 )
# Failed to write core dump. Minidumps are not enabled by default on client versions of Windows
#
# If you would like to submit a bug report, please visit:
#   http://bugreport.sun.com/bugreport/crash.jsp
#

---------------  T H R E A D  ---------------

Current thread (0x00878800):  JavaThread "Unknown thread" [_thread_in_vm, id=4396, stack(0x00960000,0x009b0000)]

Stack: [0x00960000,0x009b0000],  sp=0x009afb2c,  free space=318k
Native frames: (J=compiled Java code, j=interpreted, Vv=VM code, C=native code)
V  [jvm.dll+0x170511]
V  [jvm.dll+0x16a6b6]
V  [jvm.dll+0x2082f]
V  [jvm.dll+0x208b6]
V  [jvm.dll+0x2e5dd]
V  [jvm.dll+0x2e889]
V  [jvm.dll+0x77bd1]
V  [jvm.dll+0x77f8b]
V  [jvm.dll+0x12a1b1]
V  [jvm.dll+0x14ac6a]
V  [jvm.dll+0xa9eef]
C  [javaw.exe+0x13ca]
C  [javaw.exe+0x1e3c]
C  [javaw.exe+0xa5b1]
C  [javaw.exe+0xa63b]
C  [kernel32.dll+0xb729]  GetModuleFileNameA+0x1ba


---------------  P R O C E S S  ---------------

Java Threads: ( => current thread )

Other Threads:

=>0x00878800 (exited) JavaThread "Unknown thread" [_thread_in_vm, id=4396, stack(0x00960000,0x009b0000)]

VM state:not at safepoint (not fully initialized)

VM Mutex/Monitor currently owned by a thread: None

GC Heap History (0 events):
No events

Deoptimization events (0 events):
No events

Internal exceptions (0 events):
No events

Events (10 events):
Event: 0.023 loading class 0x02a814c0 done
Event: 0.023 loading class 0x02a80e00 done
Event: 0.023 loading class 0x02a80dd8
Event: 0.023 loading class 0x02a9b490
Event: 0.023 loading class 0x02a9b490 done
Event: 0.023 loading class 0x02a9b4c8
Event: 0.024 loading class 0x02a9b4c8 done
Event: 0.024 loading class 0x02a9b500
Event: 0.040 loading class 0x02a9b500 done
Event: 0.040 loading class 0x02a80dd8 done


Dynamic libraries:
0x00400000 - 0x0042f000 	E:\JDK\Java\jre7\bin\javaw.exe
0x7c920000 - 0x7c9b6000 	C:\windows\system32\ntdll.dll
0x7c800000 - 0x7c91e000 	C:\windows\system32\kernel32.dll
0x77da0000 - 0x77e49000 	C:\windows\system32\ADVAPI32.dll
0x77e50000 - 0x77ee3000 	C:\windows\system32\RPCRT4.dll
0x77fc0000 - 0x77fd1000 	C:\windows\system32\Secur32.dll
0x77d10000 - 0x77da0000 	C:\windows\system32\USER32.dll
0x77ef0000 - 0x77f39000 	C:\windows\system32\GDI32.dll
0x77180000 - 0x77283000 	C:\windows\WinSxS\x86_Microsoft.Windows.Common-Controls_6595b64144ccf1df_6.0.2600.6028_x-ww_61e65202\COMCTL32.dll
0x77be0000 - 0x77c38000 	C:\windows\system32\msvcrt.dll
0x77f40000 - 0x77fb6000 	C:\windows\system32\SHLWAPI.dll
0x76300000 - 0x7631d000 	C:\windows\system32\IMM32.DLL
0x62c20000 - 0x62c29000 	C:\windows\system32\LPK.DLL
0x73fa0000 - 0x7400b000 	C:\windows\system32\USP10.dll
0x78aa0000 - 0x78b5e000 	E:\JDK\Java\jre7\bin\msvcr100.dll
0x6e7c0000 - 0x6eb0f000 	E:\JDK\Java\jre7\bin\client\jvm.dll
0x71a40000 - 0x71a4b000 	C:\windows\system32\WSOCK32.dll
0x71a20000 - 0x71a37000 	C:\windows\system32\WS2_32.dll
0x71a10000 - 0x71a18000 	C:\windows\system32\WS2HELP.dll
0x76b10000 - 0x76b3a000 	C:\windows\system32\WINMM.dll
0x76bc0000 - 0x76bcb000 	C:\windows\system32\PSAPI.DLL
0x6e710000 - 0x6e71c000 	E:\JDK\Java\jre7\bin\verify.dll
0x6d4d0000 - 0x6d4f0000 	E:\JDK\Java\jre7\bin\java.dll
0x6e7a0000 - 0x6e7b3000 	E:\JDK\Java\jre7\bin\zip.dll
0x68d60000 - 0x68e01000 	C:\windows\system32\dbghelp.dll
0x77bd0000 - 0x77bd8000 	C:\windows\system32\VERSION.dll

VM Arguments:
jvm_args: -Dfile.encoding=GBK -Xbootclasspath/p:D:\adt-bundle-windows-x86\sdk\platforms\android-8\android.jar 
java_command: com.nuc.zxing.client.android.CaptureActivity
Launcher Type: SUN_STANDARD

Environment Variables:
JAVA_HOME=C:\Program Files\Java\jdk1.7.0_25
CLASSPATH=.;C:\Program Files\Java\jdk1.7.0_25\lib\dt.jar;C:\Program Files\Java\jdk1.7.0_25\lib\tools.jar;
PATH=C:/Program Files/Java/jre1.6.0/bin/client;C:/Program Files/Java/jre1.6.0/bin;C:/Program Files/Java/jre1.6.0/lib/i386;E:\masm32;JAVA_HOME\bin;JAVA_HOME\jre\bin;C:\windows\system32;C:\windows;C:\windows\System32\Wbem;C:\Program Files\Microsoft SQL Server\80\Tools\Binn\;D:\我的酷盘\common;c:\Program Files\Microsoft SQL Server\90\Tools\binn\;C:\P;D:\我的酷盘\WPS Office\9.1.0.4369\office6;F:\360Downloads\eclipse-jee-juno-SR2-win32\eclipse;
USERNAME=Administrator
OS=Windows_NT
PROCESSOR_IDENTIFIER=x86 Family 6 Model 15 Stepping 13, GenuineIntel



---------------  S Y S T E M  ---------------

OS: Windows XP Build 2600 Service Pack 3

CPU:total 2 (2 cores per cpu, 1 threads per core) family 6 model 15 stepping 13, cmov, cx8, fxsr, mmx, sse, sse2, sse3, ssse3, tsc

Memory: 4k page, physical 2087248k(722256k free), swap 4024324k(2184028k free)

vm_info: Java HotSpot(TM) Client VM (23.21-b01) for windows-x86 JRE (1.7.0_21-b11), built on Apr  4 2013 04:43:10 by "java_re" with unknown MS VC++:1600

time: Thu Dec 12 10:41:05 2013
elapsed time: 0 seconds

